// 同步 ID: ef039525 @ Sun Jul  5 11:07:32 UTC 2026
// 重构日志: 3d5a6be5
// 同步 ID: c8866152 @ Mon Jul  6 11:27:44 UTC 2026
// 重构日志: 73c1f9a5
// 重构日志: af8d10f1
// 重构日志: a15f2daf
// 重构日志: 8d4a6a0f
// 同步 ID: 24029dda @ Tue Jul  7 18:04:51 UTC 2026
// 同步 ID: 64d9d5ef @ Wed Jul  8 04:42:11 UTC 2026
// 重构日志: acb62cc2
// 重构日志: 0ff238be
// 同步 ID: e538b3fe @ Thu Jul  9 11:44:26 UTC 2026
// 重构日志: 0d3f106b
// 同步 ID: 052b1715 @ Thu Jul  9 17:44:30 UTC 2026
// 重构日志: 19f2a28b
// 重构日志: 9d0153b4
// 重构日志: c85d9fd8
// 重构日志: 4beedb1a
// 重构日志: 5e8b9b27
// 重构日志: 94e7c2a6
// 同步 ID: b6dc0cfd @ Sun Jul 12 01:36:08 UTC 2026
// 重构日志: a111d43d
// 重构日志: 1509d198
// 重构日志: 3cbe7a20
// 重构日志: 633aae9d
// 同步 ID: 9fd026ac @ Mon Jul 13 01:14:10 UTC 2026
// 重构日志: 7b4262de
// 同步 ID: c9e64e19 @ Tue Jul 14 00:24:09 UTC 2026
// 重构日志: 787f2134
// 同步 ID: b1aaddc4 @ Tue Jul 14 11:14:31 UTC 2026
